{"C:\\Users\\Owner\\OneDrive\\Documents\\Comp Sci\\progblack-web-dev-coursework-\\server.js": {"path":"C:\\Users\\Owner\\OneDrive\\Documents\\Comp Sci\\progblack-web-dev-coursework-\\server.js","statementMap":{"0":{"start":{"line":2,"column":13},"end":{"line":2,"column":17}},"1":{"start":{"line":3,"column":16},"end":{"line":3,"column":44}},"2":{"start":{"line":6,"column":16},"end":{"line":6,"column":34}},"3":{"start":{"line":7,"column":12},"end":{"line":7,"column":21}},"4":{"start":{"line":10,"column":13},"end":{"line":10,"column":28}},"5":{"start":{"line":11,"column":11},"end":{"line":11,"column":24}},"6":{"start":{"line":12,"column":0},"end":{"line":12,"column":55}},"7":{"start":{"line":14,"column":17},"end":{"line":14,"column":35}},"8":{"start":{"line":15,"column":21},"end":{"line":15,"column":38}},"9":{"start":{"line":17,"column":0},"end":{"line":17,"column":56}},"10":{"start":{"line":18,"column":0},"end":{"line":18,"column":24}},"11":{"start":{"line":19,"column":0},"end":{"line":19,"column":30}},"12":{"start":{"line":23,"column":0},"end":{"line":27,"column":2}},"13":{"start":{"line":24,"column":16},"end":{"line":24,"column":32}},"14":{"start":{"line":25,"column":13},"end":{"line":25,"column":41}},"15":{"start":{"line":26,"column":2},"end":{"line":26,"column":16}},"16":{"start":{"line":30,"column":0},"end":{"line":47,"column":3}},"17":{"start":{"line":31,"column":16},"end":{"line":31,"column":32}},"18":{"start":{"line":32,"column":21},"end":{"line":32,"column":39}},"19":{"start":{"line":33,"column":25},"end":{"line":33,"column":27}},"20":{"start":{"line":36,"column":23},"end":{"line":36,"column":60}},"21":{"start":{"line":39,"column":2},"end":{"line":45,"column":3}},"22":{"start":{"line":40,"column":4},"end":{"line":44,"column":5}},"23":{"start":{"line":41,"column":8},"end":{"line":43,"column":9}},"24":{"start":{"line":42,"column":10},"end":{"line":42,"column":54}},"25":{"start":{"line":46,"column":2},"end":{"line":46,"column":30}},"26":{"start":{"line":50,"column":0},"end":{"line":67,"column":3}},"27":{"start":{"line":52,"column":16},"end":{"line":52,"column":32}},"28":{"start":{"line":53,"column":19},"end":{"line":53,"column":36}},"29":{"start":{"line":54,"column":18},"end":{"line":54,"column":34}},"30":{"start":{"line":57,"column":23},"end":{"line":57,"column":60}},"31":{"start":{"line":58,"column":2},"end":{"line":58,"column":37}},"32":{"start":{"line":59,"column":2},"end":{"line":59,"column":57}},"33":{"start":{"line":62,"column":2},"end":{"line":64,"column":5}},"34":{"start":{"line":63,"column":4},"end":{"line":63,"column":37}},"35":{"start":{"line":63,"column":13},"end":{"line":63,"column":37}},"36":{"start":{"line":66,"column":2},"end":{"line":66,"column":51}},"37":{"start":{"line":70,"column":0},"end":{"line":73,"column":3}},"38":{"start":{"line":71,"column":16},"end":{"line":71,"column":32}},"39":{"start":{"line":72,"column":2},"end":{"line":72,"column":49}},"40":{"start":{"line":76,"column":0},"end":{"line":90,"column":3}},"41":{"start":{"line":77,"column":16},"end":{"line":77,"column":32}},"42":{"start":{"line":78,"column":17},"end":{"line":78,"column":34}},"43":{"start":{"line":79,"column":18},"end":{"line":79,"column":20}},"44":{"start":{"line":82,"column":21},"end":{"line":82,"column":56}},"45":{"start":{"line":85,"column":2},"end":{"line":85,"column":46}},"46":{"start":{"line":86,"column":2},"end":{"line":86,"column":42}},"47":{"start":{"line":87,"column":2},"end":{"line":87,"column":25}},"48":{"start":{"line":89,"column":2},"end":{"line":89,"column":23}},"49":{"start":{"line":93,"column":0},"end":{"line":108,"column":2}},"50":{"start":{"line":94,"column":16},"end":{"line":94,"column":32}},"51":{"start":{"line":95,"column":17},"end":{"line":95,"column":32}},"52":{"start":{"line":96,"column":25},"end":{"line":96,"column":48}},"53":{"start":{"line":99,"column":24},"end":{"line":99,"column":59}},"54":{"start":{"line":100,"column":2},"end":{"line":100,"column":43}},"55":{"start":{"line":101,"column":2},"end":{"line":101,"column":56}},"56":{"start":{"line":103,"column":2},"end":{"line":105,"column":5}},"57":{"start":{"line":104,"column":4},"end":{"line":104,"column":37}},"58":{"start":{"line":104,"column":13},"end":{"line":104,"column":37}},"59":{"start":{"line":107,"column":2},"end":{"line":107,"column":49}},"60":{"start":{"line":111,"column":0},"end":{"line":113,"column":3}},"61":{"start":{"line":112,"column":2},"end":{"line":112,"column":40}},"62":{"start":{"line":115,"column":0},"end":{"line":115,"column":21}}},"fnMap":{"0":{"name":"(anonymous_0)","decl":{"start":{"line":23,"column":33},"end":{"line":23,"column":34}},"loc":{"start":{"line":23,"column":54},"end":{"line":27,"column":1}},"line":23},"1":{"name":"(anonymous_1)","decl":{"start":{"line":30,"column":39},"end":{"line":30,"column":40}},"loc":{"start":{"line":30,"column":59},"end":{"line":47,"column":1}},"line":30},"2":{"name":"(anonymous_2)","decl":{"start":{"line":50,"column":32},"end":{"line":50,"column":33}},"loc":{"start":{"line":50,"column":53},"end":{"line":67,"column":1}},"line":50},"3":{"name":"writeJSON","decl":{"start":{"line":62,"column":73},"end":{"line":62,"column":82}},"loc":{"start":{"line":62,"column":88},"end":{"line":64,"column":3}},"line":62},"4":{"name":"(anonymous_4)","decl":{"start":{"line":70,"column":33},"end":{"line":70,"column":34}},"loc":{"start":{"line":70,"column":54},"end":{"line":73,"column":1}},"line":70},"5":{"name":"(anonymous_5)","decl":{"start":{"line":76,"column":34},"end":{"line":76,"column":35}},"loc":{"start":{"line":76,"column":55},"end":{"line":90,"column":1}},"line":76},"6":{"name":"(anonymous_6)","decl":{"start":{"line":93,"column":28},"end":{"line":93,"column":29}},"loc":{"start":{"line":93,"column":48},"end":{"line":108,"column":1}},"line":93},"7":{"name":"writeJSON","decl":{"start":{"line":103,"column":73},"end":{"line":103,"column":82}},"loc":{"start":{"line":103,"column":88},"end":{"line":105,"column":3}},"line":103},"8":{"name":"(anonymous_8)","decl":{"start":{"line":111,"column":17},"end":{"line":111,"column":18}},"loc":{"start":{"line":111,"column":22},"end":{"line":113,"column":1}},"line":111}},"branchMap":{"0":{"loc":{"start":{"line":40,"column":4},"end":{"line":44,"column":5}},"type":"if","locations":[{"start":{"line":40,"column":4},"end":{"line":44,"column":5}},{"start":{},"end":{}}],"line":40},"1":{"loc":{"start":{"line":41,"column":8},"end":{"line":43,"column":9}},"type":"if","locations":[{"start":{"line":41,"column":8},"end":{"line":43,"column":9}},{"start":{},"end":{}}],"line":41},"2":{"loc":{"start":{"line":41,"column":12},"end":{"line":41,"column":80}},"type":"binary-expr","locations":[{"start":{"line":41,"column":12},"end":{"line":41,"column":36}},{"start":{"line":41,"column":40},"end":{"line":41,"column":80}}],"line":41},"3":{"loc":{"start":{"line":63,"column":4},"end":{"line":63,"column":37}},"type":"if","locations":[{"start":{"line":63,"column":4},"end":{"line":63,"column":37}},{"start":{},"end":{}}],"line":63},"4":{"loc":{"start":{"line":104,"column":4},"end":{"line":104,"column":37}},"type":"if","locations":[{"start":{"line":104,"column":4},"end":{"line":104,"column":37}},{"start":{},"end":{}}],"line":104}},"s":{"0":1,"1":1,"2":1,"3":1,"4":1,"5":1,"6":1,"7":1,"8":1,"9":1,"10":1,"11":1,"12":1,"13":0,"14":0,"15":0,"16":1,"17":0,"18":0,"19":0,"20":0,"21":0,"22":0,"23":0,"24":0,"25":0,"26":1,"27":1,"28":1,"29":1,"30":1,"31":1,"32":1,"33":1,"34":1,"35":0,"36":1,"37":1,"38":2,"39":2,"40":1,"41":0,"42":0,"43":0,"44":0,"45":0,"46":0,"47":0,"48":0,"49":1,"50":1,"51":1,"52":1,"53":1,"54":1,"55":1,"56":1,"57":0,"58":0,"59":1,"60":1,"61":1,"62":1},"f":{"0":0,"1":0,"2":1,"3":1,"4":2,"5":0,"6":1,"7":0,"8":1},"b":{"0":[0,0],"1":[0,0],"2":[0,0],"3":[0,1],"4":[0,0]},"_coverageSchema":"1a1c01bbd47fc00a2c39e90264f33305004495a9","hash":"f49a7359693e8e869ebb19d15bdc5091eea26032"}
}
